# JRE version: Java(TM) SE Runtime Environment (8.0_101-b13) (build 1.8.0_101-b13)
# Java VM: Java HotSpot(TM) 64-Bit Server VM (25.101-b13 mixed mode windows-amd64 compressed oops)
Heap:
 PSYoungGen      total 52224K, used 20130K [0x00000000eb200000, 0x00000000f2c80000, 0x0000000100000000)
  eden space 49664K, 40% used [0x00000000eb200000,0x00000000ec5a88c0,0x00000000ee280000)
  from space 2560K, 0% used [0x00000000ee280000,0x00000000ee280000,0x00000000ee500000)
  to   space 27136K, 0% used [0x00000000f1200000,0x00000000f1200000,0x00000000f2c80000)
 ParOldGen       total 103424K, used 44847K [0x00000000c1600000, 0x00000000c7b00000, 0x00000000eb200000)
  object space 103424K, 43% used [0x00000000c1600000,0x00000000c41cbc30,0x00000000c7b00000)
 Metaspace       used 13041K, capacity 13278K, committed 13440K, reserved 1060864K
  class space    used 1571K, capacity 1650K, committed 1664K, reserved 1048576K
GC Heap History (10 events):
Event: 0.572 GC heap before
{Heap before GC invocations=3 (full 1):
 PSYoungGen      total 35328K, used 784K [0x00000000eb200000, 0x00000000ed700000, 0x0000000100000000)
  eden space 32768K, 0% used [0x00000000eb200000,0x00000000eb200000,0x00000000ed200000)
  from space 2560K, 30% used [0x00000000ed480000,0x00000000ed544010,0x00000000ed700000)
  to   space 2560K, 0% used [0x00000000ed200000,0x00000000ed200000,0x00000000ed480000)
 ParOldGen       total 44032K, used 32000K [0x00000000c1600000, 0x00000000c4100000, 0x00000000eb200000)
  object space 44032K, 72% used [0x00000000c1600000,0x00000000c3540130,0x00000000c4100000)
 Metaspace       used 6012K, capacity 6124K, committed 6144K, reserved 1056768K
  class space    used 713K, capacity 761K, committed 768K, reserved 1048576K
Event: 0.583 GC heap after
Heap after GC invocations=3 (full 1):
 PSYoungGen      total 35328K, used 0K [0x00000000eb200000, 0x00000000ed700000, 0x0000000100000000)
  eden space 32768K, 0% used [0x00000000eb200000,0x00000000eb200000,0x00000000ed200000)
  from space 2560K, 0% used [0x00000000ed480000,0x00000000ed480000,0x00000000ed700000)
  to   space 2560K, 0% used [0x00000000ed200000,0x00000000ed200000,0x00000000ed480000)
 ParOldGen       total 57344K, used 14461K [0x00000000c1600000, 0x00000000c4e00000, 0x00000000eb200000)
  object space 57344K, 25% used [0x00000000c1600000,0x00000000c241f408,0x00000000c4e00000)
 Metaspace       used 6012K, capacity 6124K, committed 6144K, reserved 1056768K
  class space    used 713K, capacity 761K, committed 768K, reserved 1048576K
}
Event: 3.188 GC heap before
{Heap before GC invocations=4 (full 1):
 PSYoungGen      total 35328K, used 32768K [0x00000000eb200000, 0x00000000ed700000, 0x0000000100000000)
  eden space 32768K, 100% used [0x00000000eb200000,0x00000000ed200000,0x00000000ed200000)
  from space 2560K, 0% used [0x00000000ed480000,0x00000000ed480000,0x00000000ed700000)
  to   space 2560K, 0% used [0x00000000ed200000,0x00000000ed200000,0x00000000ed480000)
 ParOldGen       total 57344K, used 14461K [0x00000000c1600000, 0x00000000c4e00000, 0x00000000eb200000)
  object space 57344K, 25% used [0x00000000c1600000,0x00000000c241f408,0x00000000c4e00000)
 Metaspace       used 11359K, capacity 11562K, committed 11904K, reserved 1058816K
  class space    used 1455K, capacity 1552K, committed 1664K, reserved 1048576K
Event: 3.192 GC heap after
Heap after GC invocations=4 (full 1):
 PSYoungGen      total 35328K, used 2549K [0x00000000eb200000, 0x00000000ee780000, 0x0000000100000000)
  eden space 32768K, 0% used [0x00000000eb200000,0x00000000eb200000,0x00000000ed200000)
  from space 2560K, 99% used [0x00000000ed200000,0x00000000ed47d7a0,0x00000000ed480000)
  to   space 2560K, 0% used [0x00000000ee500000,0x00000000ee500000,0x00000000ee780000)
 ParOldGen       total 57344K, used 24415K [0x00000000c1600000, 0x00000000c4e00000, 0x00000000eb200000)
  object space 57344K, 42% used [0x00000000c1600000,0x00000000c2dd7de8,0x00000000c4e00000)
 Metaspace       used 11359K, capacity 11562K, committed 11904K, reserved 1058816K
  class space    used 1455K, capacity 1552K, committed 1664K, reserved 1048576K
}
Event: 3.451 GC heap before
{Heap before GC invocations=5 (full 1):
 PSYoungGen      total 35328K, used 35317K [0x00000000eb200000, 0x00000000ee780000, 0x0000000100000000)
  eden space 32768K, 100% used [0x00000000eb200000,0x00000000ed200000,0x00000000ed200000)
  from space 2560K, 99% used [0x00000000ed200000,0x00000000ed47d7a0,0x00000000ed480000)
  to   space 2560K, 0% used [0x00000000ee500000,0x00000000ee500000,0x00000000ee780000)
 ParOldGen       total 57344K, used 24415K [0x00000000c1600000, 0x00000000c4e00000, 0x00000000eb200000)
  object space 57344K, 42% used [0x00000000c1600000,0x00000000c2dd7de8,0x00000000c4e00000)
 Metaspace       used 11471K, capacity 11690K, committed 11904K, reserved 1058816K
  class space    used 1456K, capacity 1552K, committed 1664K, reserved 1048576K
Event: 3.456 GC heap after
Heap after GC invocations=5 (full 1):
 PSYoungGen      total 52224K, used 2553K [0x00000000eb200000, 0x00000000ee780000, 0x0000000100000000)
  eden space 49664K, 0% used [0x00000000eb200000,0x00000000eb200000,0x00000000ee280000)
  from space 2560K, 99% used [0x00000000ee500000,0x00000000ee77e620,0x00000000ee780000)
  to   space 2560K, 0% used [0x00000000ee280000,0x00000000ee280000,0x00000000ee500000)
 ParOldGen       total 57344K, used 33556K [0x00000000c1600000, 0x00000000c4e00000, 0x00000000eb200000)
  object space 57344K, 58% used [0x00000000c1600000,0x00000000c36c50c8,0x00000000c4e00000)
 Metaspace       used 11471K, capacity 11690K, committed 11904K, reserved 1058816K
  class space    used 1456K, capacity 1552K, committed 1664K, reserved 1048576K
}
Event: 328.542 GC heap before
{Heap before GC invocations=6 (full 1):
 PSYoungGen      total 52224K, used 52217K [0x00000000eb200000, 0x00000000ee780000, 0x0000000100000000)
  eden space 49664K, 100% used [0x00000000eb200000,0x00000000ee280000,0x00000000ee280000)
  from space 2560K, 99% used [0x00000000ee500000,0x00000000ee77e620,0x00000000ee780000)
  to   space 2560K, 0% used [0x00000000ee280000,0x00000000ee280000,0x00000000ee500000)
 ParOldGen       total 57344K, used 33556K [0x00000000c1600000, 0x00000000c4e00000, 0x00000000eb200000)
  object space 57344K, 58% used [0x00000000c1600000,0x00000000c36c50c8,0x00000000c4e00000)
 Metaspace       used 13040K, capacity 13278K, committed 13440K, reserved 1060864K
  class space    used 1570K, capacity 1650K, committed 1664K, reserved 1048576K
Event: 328.577 GC heap after
Heap after GC invocations=6 (full 1):
 PSYoungGen      total 52224K, used 2555K [0x00000000eb200000, 0x00000000f2c80000, 0x0000000100000000)
  eden space 49664K, 0% used [0x00000000eb200000,0x00000000eb200000,0x00000000ee280000)
  from space 2560K, 99% used [0x00000000ee280000,0x00000000ee4feee0,0x00000000ee500000)
  to   space 27136K, 0% used [0x00000000f1200000,0x00000000f1200000,0x00000000f2c80000)
 ParOldGen       total 57344K, used 56035K [0x00000000c1600000, 0x00000000c4e00000, 0x00000000eb200000)
  object space 57344K, 97% used [0x00000000c1600000,0x00000000c4cb8ec8,0x00000000c4e00000)
 Metaspace       used 13040K, capacity 13278K, committed 13440K, reserved 1060864K
  class space    used 1570K, capacity 1650K, committed 1664K, reserved 1048576K
}
Event: 328.577 GC heap before
{Heap before GC invocations=7 (full 2):
 PSYoungGen      total 52224K, used 2555K [0x00000000eb200000, 0x00000000f2c80000, 0x0000000100000000)
  eden space 49664K, 0% used [0x00000000eb200000,0x00000000eb200000,0x00000000ee280000)
  from space 2560K, 99% used [0x00000000ee280000,0x00000000ee4feee0,0x00000000ee500000)
  to   space 27136K, 0% used [0x00000000f1200000,0x00000000f1200000,0x00000000f2c80000)
 ParOldGen       total 57344K, used 56035K [0x00000000c1600000, 0x00000000c4e00000, 0x00000000eb200000)
  object space 57344K, 97% used [0x00000000c1600000,0x00000000c4cb8ec8,0x00000000c4e00000)
 Metaspace       used 13040K, capacity 13278K, committed 13440K, reserved 1060864K
  class space    used 1570K, capacity 1650K, committed 1664K, reserved 1048576K
Event: 328.625 GC heap after
Heap after GC invocations=7 (full 2):
 PSYoungGen      total 52224K, used 0K [0x00000000eb200000, 0x00000000f2c80000, 0x0000000100000000)
  eden space 49664K, 0% used [0x00000000eb200000,0x00000000eb200000,0x00000000ee280000)
  from space 2560K, 0% used [0x00000000ee280000,0x00000000ee280000,0x00000000ee500000)
  to   space 27136K, 0% used [0x00000000f1200000,0x00000000f1200000,0x00000000f2c80000)
 ParOldGen       total 103424K, used 44847K [0x00000000c1600000, 0x00000000c7b00000, 0x00000000eb200000)
  object space 103424K, 43% used [0x00000000c1600000,0x00000000c41cbc30,0x00000000c7b00000)
 Metaspace       used 13040K, capacity 13278K, committed 13440K, reserved 1060864K
  class space    used 1570K, capacity 1650K, committed 1664K, reserved 1048576K
}

