# JRE version: Java(TM) SE Runtime Environment (8.0_101-b13) (build 1.8.0_101-b13)
# Java VM: Java HotSpot(TM) 64-Bit Server VM (25.101-b13 mixed mode windows-amd64 compressed oops)
Heap:
 PSYoungGen      total 55296K, used 45245K [0x00000000eb200000, 0x00000000f2b00000, 0x0000000100000000)
  eden space 52736K, 85% used [0x00000000eb200000,0x00000000ede2f4a8,0x00000000ee580000)
  from space 2560K, 0% used [0x00000000ee580000,0x00000000ee580000,0x00000000ee800000)
  to   space 22016K, 0% used [0x00000000f1580000,0x00000000f1580000,0x00000000f2b00000)
 ParOldGen       total 61952K, used 50606K [0x00000000c1600000, 0x00000000c5280000, 0x00000000eb200000)
  object space 61952K, 81% used [0x00000000c1600000,0x00000000c476bbd0,0x00000000c5280000)
 Metaspace       used 12979K, capacity 13198K, committed 13568K, reserved 1060864K
  class space    used 1603K, capacity 1686K, committed 1792K, reserved 1048576K
GC Heap History (10 events):
Event: 0.543 GC heap before
{Heap before GC invocations=3 (full 1):
 PSYoungGen      total 35328K, used 832K [0x00000000eb200000, 0x00000000ed700000, 0x0000000100000000)
  eden space 32768K, 0% used [0x00000000eb200000,0x00000000eb200000,0x00000000ed200000)
  from space 2560K, 32% used [0x00000000ed480000,0x00000000ed550020,0x00000000ed700000)
  to   space 2560K, 0% used [0x00000000ed200000,0x00000000ed200000,0x00000000ed480000)
 ParOldGen       total 44032K, used 36578K [0x00000000c1600000, 0x00000000c4100000, 0x00000000eb200000)
  object space 44032K, 83% used [0x00000000c1600000,0x00000000c39b8a80,0x00000000c4100000)
 Metaspace       used 6012K, capacity 6124K, committed 6144K, reserved 1056768K
  class space    used 713K, capacity 761K, committed 768K, reserved 1048576K
Event: 0.552 GC heap after
Heap after GC invocations=3 (full 1):
 PSYoungGen      total 35328K, used 0K [0x00000000eb200000, 0x00000000ed700000, 0x0000000100000000)
  eden space 32768K, 0% used [0x00000000eb200000,0x00000000eb200000,0x00000000ed200000)
  from space 2560K, 0% used [0x00000000ed480000,0x00000000ed480000,0x00000000ed700000)
  to   space 2560K, 0% used [0x00000000ed200000,0x00000000ed200000,0x00000000ed480000)
 ParOldGen       total 61952K, used 14428K [0x00000000c1600000, 0x00000000c5280000, 0x00000000eb200000)
  object space 61952K, 23% used [0x00000000c1600000,0x00000000c2417168,0x00000000c5280000)
 Metaspace       used 6012K, capacity 6124K, committed 6144K, reserved 1056768K
  class space    used 713K, capacity 761K, committed 768K, reserved 1048576K
}
Event: 6.187 GC heap before
{Heap before GC invocations=4 (full 1):
 PSYoungGen      total 35328K, used 32768K [0x00000000eb200000, 0x00000000ed700000, 0x0000000100000000)
  eden space 32768K, 100% used [0x00000000eb200000,0x00000000ed200000,0x00000000ed200000)
  from space 2560K, 0% used [0x00000000ed480000,0x00000000ed480000,0x00000000ed700000)
  to   space 2560K, 0% used [0x00000000ed200000,0x00000000ed200000,0x00000000ed480000)
 ParOldGen       total 61952K, used 14428K [0x00000000c1600000, 0x00000000c5280000, 0x00000000eb200000)
  object space 61952K, 23% used [0x00000000c1600000,0x00000000c2417168,0x00000000c5280000)
 Metaspace       used 11715K, capacity 11874K, committed 12160K, reserved 1060864K
  class space    used 1499K, capacity 1588K, committed 1664K, reserved 1048576K
Event: 6.253 GC heap after
Heap after GC invocations=4 (full 1):
 PSYoungGen      total 35328K, used 2549K [0x00000000eb200000, 0x00000000eea80000, 0x0000000100000000)
  eden space 32768K, 0% used [0x00000000eb200000,0x00000000eb200000,0x00000000ed200000)
  from space 2560K, 99% used [0x00000000ed200000,0x00000000ed47d788,0x00000000ed480000)
  to   space 2560K, 0% used [0x00000000ee800000,0x00000000ee800000,0x00000000eea80000)
 ParOldGen       total 61952K, used 24640K [0x00000000c1600000, 0x00000000c5280000, 0x00000000eb200000)
  object space 61952K, 39% used [0x00000000c1600000,0x00000000c2e10198,0x00000000c5280000)
 Metaspace       used 11715K, capacity 11874K, committed 12160K, reserved 1060864K
  class space    used 1499K, capacity 1588K, committed 1664K, reserved 1048576K
}
Event: 6.576 GC heap before
{Heap before GC invocations=5 (full 1):
 PSYoungGen      total 35328K, used 35317K [0x00000000eb200000, 0x00000000eea80000, 0x0000000100000000)
  eden space 32768K, 100% used [0x00000000eb200000,0x00000000ed200000,0x00000000ed200000)
  from space 2560K, 99% used [0x00000000ed200000,0x00000000ed47d788,0x00000000ed480000)
  to   space 2560K, 0% used [0x00000000ee800000,0x00000000ee800000,0x00000000eea80000)
 ParOldGen       total 61952K, used 24640K [0x00000000c1600000, 0x00000000c5280000, 0x00000000eb200000)
  object space 61952K, 39% used [0x00000000c1600000,0x00000000c2e10198,0x00000000c5280000)
 Metaspace       used 11848K, capacity 12066K, committed 12416K, reserved 1060864K
  class space    used 1501K, capacity 1588K, committed 1664K, reserved 1048576K
Event: 6.580 GC heap after
Heap after GC invocations=5 (full 1):
 PSYoungGen      total 54272K, used 2554K [0x00000000eb200000, 0x00000000eea80000, 0x0000000100000000)
  eden space 51712K, 0% used [0x00000000eb200000,0x00000000eb200000,0x00000000ee480000)
  from space 2560K, 99% used [0x00000000ee800000,0x00000000eea7eb90,0x00000000eea80000)
  to   space 2560K, 0% used [0x00000000ee580000,0x00000000ee580000,0x00000000ee800000)
 ParOldGen       total 61952K, used 33622K [0x00000000c1600000, 0x00000000c5280000, 0x00000000eb200000)
  object space 61952K, 54% used [0x00000000c1600000,0x00000000c36d5848,0x00000000c5280000)
 Metaspace       used 11848K, capacity 12066K, committed 12416K, reserved 1060864K
  class space    used 1501K, capacity 1588K, committed 1664K, reserved 1048576K
}
Event: 7.113 GC heap before
{Heap before GC invocations=6 (full 1):
 PSYoungGen      total 54272K, used 54266K [0x00000000eb200000, 0x00000000eea80000, 0x0000000100000000)
  eden space 51712K, 100% used [0x00000000eb200000,0x00000000ee480000,0x00000000ee480000)
  from space 2560K, 99% used [0x00000000ee800000,0x00000000eea7eb90,0x00000000eea80000)
  to   space 2560K, 0% used [0x00000000ee580000,0x00000000ee580000,0x00000000ee800000)
 ParOldGen       total 61952K, used 33622K [0x00000000c1600000, 0x00000000c5280000, 0x00000000eb200000)
  object space 61952K, 54% used [0x00000000c1600000,0x00000000c36d5848,0x00000000c5280000)
 Metaspace       used 11928K, capacity 12130K, committed 12416K, reserved 1060864K
  class space    used 1501K, capacity 1588K, committed 1664K, reserved 1048576K
Event: 7.120 GC heap after
Heap after GC invocations=6 (full 1):
 PSYoungGen      total 55296K, used 2559K [0x00000000eb200000, 0x00000000f2b00000, 0x0000000100000000)
  eden space 52736K, 0% used [0x00000000eb200000,0x00000000eb200000,0x00000000ee580000)
  from space 2560K, 99% used [0x00000000ee580000,0x00000000ee7fff58,0x00000000ee800000)
  to   space 22016K, 0% used [0x00000000f1580000,0x00000000f1580000,0x00000000f2b00000)
 ParOldGen       total 61952K, used 48468K [0x00000000c1600000, 0x00000000c5280000, 0x00000000eb200000)
  object space 61952K, 78% used [0x00000000c1600000,0x00000000c4555318,0x00000000c5280000)
 Metaspace       used 11928K, capacity 12130K, committed 12416K, reserved 1060864K
  class space    used 1501K, capacity 1588K, committed 1664K, reserved 1048576K
}
Event: 7.120 GC heap before
{Heap before GC invocations=7 (full 2):
 PSYoungGen      total 55296K, used 2559K [0x00000000eb200000, 0x00000000f2b00000, 0x0000000100000000)
  eden space 52736K, 0% used [0x00000000eb200000,0x00000000eb200000,0x00000000ee580000)
  from space 2560K, 99% used [0x00000000ee580000,0x00000000ee7fff58,0x00000000ee800000)
  to   space 22016K, 0% used [0x00000000f1580000,0x00000000f1580000,0x00000000f2b00000)
 ParOldGen       total 61952K, used 48468K [0x00000000c1600000, 0x00000000c5280000, 0x00000000eb200000)
  object space 61952K, 78% used [0x00000000c1600000,0x00000000c4555318,0x00000000c5280000)
 Metaspace       used 11928K, capacity 12130K, committed 12416K, reserved 1060864K
  class space    used 1501K, capacity 1588K, committed 1664K, reserved 1048576K
Event: 7.170 GC heap after
Heap after GC invocations=7 (full 2):
 PSYoungGen      total 55296K, used 0K [0x00000000eb200000, 0x00000000f2b00000, 0x0000000100000000)
  eden space 52736K, 0% used [0x00000000eb200000,0x00000000eb200000,0x00000000ee580000)
  from space 2560K, 0% used [0x00000000ee580000,0x00000000ee580000,0x00000000ee800000)
  to   space 22016K, 0% used [0x00000000f1580000,0x00000000f1580000,0x00000000f2b00000)
 ParOldGen       total 61952K, used 50606K [0x00000000c1600000, 0x00000000c5280000, 0x00000000eb200000)
  object space 61952K, 81% used [0x00000000c1600000,0x00000000c476bbd0,0x00000000c5280000)
 Metaspace       used 11928K, capacity 12130K, committed 12416K, reserved 1060864K
  class space    used 1501K, capacity 1588K, committed 1664K, reserved 1048576K
}

